[zilc] Reading test-games/zork1/zork1.zil...
[zilc] Preprocessing IFILE directives...
[zilc]   Including file: test-games/zork1/gmacros.zil
[zilc]   Including file: test-games/zork1/gsyntax.zil
[zilc]   Including file: test-games/zork1/1dungeon.zil
[zilc]   Including file: test-games/zork1/gglobals.zil
[zilc]   Including file: test-games/zork1/gclock.zil
[zilc]   Including file: test-games/zork1/gmain.zil
[zilc]   Including file: test-games/zork1/gparser.zil
[zilc]   Including file: test-games/zork1/gverbs.zil
[zilc]   Including file: test-games/zork1/1actions.zil
[zilc] Preprocessing ZILF directives...
[zilc]   Global: ZORK-NUMBER = 1
[zilc]   Global: C-ENABLED? = 0
[zilc]   Global: C-ENABLED = 1
[zilc]   Global: C-DISABLED = 0
[zilc]   Global: LIT = True
[zilc]   Global: P-CONT = False
[zilc]   Global: QUOTE-FLAG = False
[zilc]   Global: P-CONT = False
[zilc]   Global: QUOTE-FLAG = False
[zilc]   Global: P-CONT = False
[zilc]   Global: QUOTE-FLAG = False
[zilc]   Global: CLOCK-WAIT = False
[zilc]   Global: PRSO = False
[zilc]   Global: P-NOT-HERE = 0
[zilc]   Global: P-MULT = False
[zilc]   Global: P-MULT = True
[zilc]   Global: PRSO = False
[zilc]   Global: P-CONT = False
[zilc]   Global: P-CONT = False
[zilc]   Global: CLEFT-QUEUED? = True
[zilc]   Global: DEBUG = False
[zilc]   Global: P-ADVERB = False
[zilc]   Global: P-MERGED = False
[zilc]   Global: P-END-ON-PREP = False
[zilc]   Global: RESERVE-PTR = False
[zilc]   Global: P-CONT = False
[zilc]   Global: P-CONT = False
[zilc]   Global: QUOTE-FLAG = False
[zilc]   Global: P-NUMBER = 0
[zilc]   Global: RESERVE-PTR = False
[zilc]   Global: RESERVE-PTR = False
[zilc]   Global: P-DIR = False
[zilc]   Global: P-NCN = 0
[zilc]   Global: P-GETFLAGS = 0
[zilc]   Global: QUOTE-FLAG = False
[zilc]   Global: QUOTE-FLAG = False
[zilc]   Global: QUOTE-FLAG = True
[zilc]   Global: QUOTE-FLAG = False
[zilc]   Global: P-END-ON-PREP = True
[zilc]   Global: QUOTE-FLAG = False
[zilc]   Global: P-OFLAG = False
[zilc]   Global: P-WALK-DIR = False
[zilc]   Global: AGAIN-DIR = False
[zilc]   Global: P-OFLAG = False
[zilc]   Global: P-NCN = 1
[zilc]   Global: P-NCN = 1
[zilc]   Global: P-NCN = 2
[zilc]   Global: P-ACLAUSE = False
[zilc]   Global: P-ACLAUSE = False
[zilc]   Global: P-NCN = 1
[zilc]   Global: P-MERGED = True
[zilc]   Global: P-NCN = 2
[zilc]   Global: P-ACLAUSE = False
[zilc]   Global: P-NCN = 2
[zilc]   Global: P-ACLAUSE = False
[zilc]   Global: QUOTE-FLAG = False
[zilc]   Global: P-OFLAG = False
[zilc]   Global: QUOTE-FLAG = False
[zilc]   Global: P-OFLAG = False
[zilc]   Global: P-OFLAG = True
[zilc]   Global: P-GWIMBIT = 0
[zilc]   Global: P-GWIMBIT = 0
[zilc]   Global: P-AND = False
[zilc]   Global: P-GETFLAGS = 0
[zilc]   Global: P-AND = True
[zilc]   Global: P-ADJ = False
[zilc]   Global: P-ADJ = False
[zilc]   Global: P-OFLAG = True
[zilc]   Global: P-NAM = False
[zilc]   Global: P-ADJ = False
[zilc]   Global: P-NAM = False
[zilc]   Global: P-ADJ = False
[zilc]   Global: P-ADJN = False
[zilc]   Global: P-NAM = False
[zilc]   Global: P-ADJ = False
[zilc]   Global: P-NAM = False
[zilc]   Global: P-ADJ = False
[zilc]   Global: P-GWIMBIT = 0
[zilc]   Global: VERBOSE = True
[zilc]   Global: SUPER-BRIEF = False
[zilc]   Global: VERBOSE = False
[zilc]   Global: SUPER-BRIEF = False
[zilc]   Global: SUPER-BRIEF = True
[zilc]   Global: P-CONT = False
[zilc]   Global: QUOTE-FLAG = False
[zilc]   Global: LIT = True
[zilc]   Global: SPELL-HANDLED? = True
[zilc]   Global: SPELL-HANDLED? = True
[zilc]   Global: SPELL-VICTIM = False
[zilc]   Global: SPELL-VICTIM = False
[zilc]   Global: P-IT-OBJECT = False
[zilc]   Global: WAND-ON = False
[zilc]   Global: QUOTE-FLAG = False
[zilc]   Global: P-CONT = False
[zilc]   Global: CYCLOPS-FLAG = True
[zilc]   Global: MAGIC-FLAG = True
[zilc]   Global: BINF-FLAG = False
[zilc]   Global: P-CONT = False
[zilc]   Global: QUOTE-FLAG = False
[zilc]   Global: P-CONT = False
[zilc]   Global: QUOTE-FLAG = False
[zilc]   Global: P-CONT = False
[zilc]   Global: P-CONT = False
[zilc]   Global: PRSI = False
[zilc]   Global: PRSI = False
[zilc]   Global: PRSI = False
[zilc]   Global: QUOTE-FLAG = False
[zilc]   Global: P-CONT = False
[zilc]   Global: CLOCK-WAIT = True
[zilc]   Global: WON-FLAG = True
[zilc]   Global: P-CONT = False
[zilc]   Global: KITCHEN-WINDOW-FLAG = True
[zilc]   Global: P-CONT = False
[zilc]   Global: CAGE-TOP = True
[zilc]   Global: CAGE-TOP = False
[zilc]   Global: P-CONT = False
[zilc]   Global: RUG-MOVED = True
[zilc]   Global: P-CONT = False
[zilc]   Global: TROLL-FLAG = True
[zilc]   Global: TROLL-FLAG = True
[zilc]   Global: TROLL-FLAG = False
[zilc]   Global: P-CONT = False
[zilc]   Global: TROLL-FLAG = True
[zilc]   Global: GRATE-REVEALED = True
[zilc]   Global: GRUNLOCK = False
[zilc]   Global: GRUNLOCK = True
[zilc]   Global: GRATE-REVEALED = True
[zilc]   Global: MIRROR-MUNG = True
[zilc]   Global: LUCKY = False
[zilc]   Global: XB = True
[zilc]   Global: LLD-FLAG = True
[zilc]   Global: XC = True
[zilc]   Global: XB = False
[zilc]   Global: XC = False
[zilc]   Global: GATES-OPEN = False
[zilc]   Global: GATES-OPEN = True
[zilc]   Global: LOW-TIDE = False
[zilc]   Global: LOW-TIDE = True
[zilc]   Global: WATER-LEVEL = 1
[zilc]   Global: GATE-FLAG = False
[zilc]   Global: GATE-FLAG = True
[zilc]   Global: CYCLOPS-FLAG = False
[zilc]   Global: CYCLOPS-FLAG = True
[zilc]   Global: P-CONT = False
[zilc]   Global: LOUD-FLAG = True
[zilc]   Global: THIEF-HERE = True
[zilc]   Global: THIEF-HERE = True
[zilc]   Global: THIEF-HERE = True
[zilc]   Global: EGG-SOLVE = True
[zilc]   Global: P-CONT = False
[zilc]   Global: THIEF-ENGROSSED = True
[zilc]   Global: P-CONT = False
[zilc]   Global: LIT = True
[zilc]   Global: EMPTY-HANDED = True
[zilc]   Global: EMPTY-HANDED = False
[zilc]   Global: LIGHT-SHAFT = 0
[zilc]   Global: DEFLATE = False
[zilc]   Global: DEFLATE = True
[zilc]   Global: RAINBOW-FLAG = True
[zilc]   Global: RAINBOW-FLAG = False
[zilc]   Global: RAINBOW-FLAG = False
[zilc]   Global: DEFLATE = True
[zilc]   Global: DEFLATE = False
[zilc]   Global: BUOY-FLAG = False
[zilc]   Global: SING-SONG = True
[zilc]   Global: DOME-FLAG = False
[zilc]   Global: DOME-FLAG = True
[zilc]   Global: DOME-FLAG = False
[zilc]   Global: GWIM-DISABLE = False
[zilc]   Global: ALWAYS-LIT = False
[zilc]   Global: DEAD = False
[zilc]   Global: TROLL-FLAG = False
[zilc]   Global: P-CONT = False
[zilc]   Global: THIEF-ENGROSSED = False
[zilc]   Global: THIEF-ENGROSSED = False
[zilc]   Global: THIEF-ENGROSSED = False
[zilc]   Global: THIEF-HERE = False
[zilc]   Global: DOME-FLAG = False
[zilc]   Global: DEAD = True
[zilc]   Global: TROLL-FLAG = True
[zilc]   Global: GWIM-DISABLE = True
[zilc]   Global: ALWAYS-LIT = True
[zilc]   Global: P-CONT = False
[zilc] Lexing...
[zilc]   57875 tokens
[zilc] Parsing...
[zilc]   440 routines
[zilc]   140 objects
[zilc]   110 rooms
[zilc]   152 globals
[zilc]   4 property definitions
[zilc]   267 syntax definitions
[zilc]   17 macro definitions
[zilc] Expanding macros...
[zilc]   Macros expanded
[zilc]   Target version: 3
[zilc] Generating code...
[zilc]   17584 bytes of routines
[zilc] Building object table...
[zilc]   PROPDEF SIZE -> property #3
[zilc]   PROPDEF CAPACITY -> property #4
[zilc]   PROPDEF VALUE -> property #5
[zilc]   PROPDEF TVALUE -> property #6
[zilc]   Auto-assigned IN -> property #7
[zilc]   Auto-assigned ACTION -> property #8
[zilc]   Auto-assigned FDESC -> property #9
[zilc]   Auto-assigned DESCFCN -> property #10
[zilc]   Auto-assigned TEXT -> property #11
[zilc]   Auto-assigned STRENGTH -> property #12
[zilc]   Auto-assigned VTYPE -> property #13
[zilc]   Auto-assigned GLOBAL -> property #14
[zilc]   Auto-assigned ADVFCN -> property #15
[zilc]   Auto-assigned PSEUDO -> property #16
[zilc]   Auto-assigned CONTFCN -> property #17
[zilc]   Auto-assigned NORTH -> property #18
[zilc]   Auto-assigned SOUTH -> property #19
[zilc]   Auto-assigned NE -> property #20
[zilc]   Auto-assigned SE -> property #21
[zilc]   Auto-assigned WEST -> property #22
[zilc]   Auto-assigned EAST -> property #23
[zilc]   Auto-assigned SW -> property #24
[zilc]   Auto-assigned NW -> property #25
[zilc]   Auto-assigned UP -> property #26
[zilc]   Auto-assigned DOWN -> property #27
[zilc]   Auto-assigned OUT -> property #28
[zilc]   Auto-assigned LAND -> property #29
[zilc] Building dictionary...
[zilc]   Adding 21 BUZZ words
[zilc]   Adding 216 SYNONYM words
[zilc]   Added 150 words from SYNTAX definitions
[zilc]   Dictionary contains 672 words
[zilc] Assembling story file...
[zilc] Writing zork1-full.z3...
[zilc] Compilation successful: 32278 bytes
