[zilc] Reading test-games/zork1/zork1.zil...
[zilc] Preprocessing IFILE directives...
[zilc]   Including file: test-games/zork1/gmacros.zil
[zilc]   Including file: test-games/zork1/gsyntax.zil
[zilc]   Including file: test-games/zork1/1dungeon.zil
[zilc]   Including file: test-games/zork1/gglobals.zil
[zilc]   Including file: test-games/zork1/gclock.zil
[zilc]   Including file: test-games/zork1/gmain.zil
[zilc]   Including file: test-games/zork1/gparser.zil
[zilc]   Including file: test-games/zork1/gverbs.zil
[zilc]   Including file: test-games/zork1/1actions.zil
[zilc] Preprocessing ZILF directives...
[zilc]   Global: ZORK-NUMBER = 1
[zilc]   Global: C-ENABLED? = 0
[zilc]   Global: C-ENABLED = 1
[zilc]   Global: C-DISABLED = 0
[zilc]   Global: LIT = True
[zilc]   Global: P-CONT = False
[zilc]   Global: QUOTE-FLAG = False
[zilc]   Global: P-CONT = False
[zilc]   Global: QUOTE-FLAG = False
[zilc]   Global: P-CONT = False
[zilc]   Global: QUOTE-FLAG = False
[zilc]   Global: CLOCK-WAIT = False
[zilc]   Global: PRSO = False
[zilc]   Global: P-NOT-HERE = 0
[zilc]   Global: P-MULT = False
[zilc]   Global: P-MULT = True
[zilc]   Global: PRSO = False
[zilc]   Global: P-CONT = False
[zilc]   Global: P-CONT = False
[zilc]   Global: CLEFT-QUEUED? = True
[zilc]   Global: DEBUG = False
[zilc]   Global: P-ADVERB = False
[zilc]   Global: P-MERGED = False
[zilc]   Global: P-END-ON-PREP = False
[zilc]   Global: RESERVE-PTR = False
[zilc]   Global: P-CONT = False
[zilc]   Global: P-CONT = False
[zilc]   Global: QUOTE-FLAG = False
[zilc]   Global: P-NUMBER = 0
[zilc]   Global: RESERVE-PTR = False
[zilc]   Global: RESERVE-PTR = False
[zilc]   Global: P-DIR = False
[zilc]   Global: P-NCN = 0
[zilc]   Global: P-GETFLAGS = 0
[zilc]   Global: QUOTE-FLAG = False
[zilc]   Global: QUOTE-FLAG = False
[zilc]   Global: QUOTE-FLAG = True
[zilc]   Global: QUOTE-FLAG = False
[zilc]   Global: P-END-ON-PREP = True
[zilc]   Global: QUOTE-FLAG = False
[zilc]   Global: P-OFLAG = False
[zilc]   Global: P-WALK-DIR = False
[zilc]   Global: AGAIN-DIR = False
[zilc]   Global: P-OFLAG = False
[zilc]   Global: P-NCN = 1
[zilc]   Global: P-NCN = 1
[zilc]   Global: P-NCN = 2
[zilc]   Global: P-ACLAUSE = False
[zilc]   Global: P-ACLAUSE = False
[zilc]   Global: P-NCN = 1
[zilc]   Global: P-MERGED = True
[zilc]   Global: P-NCN = 2
[zilc]   Global: P-ACLAUSE = False
[zilc]   Global: P-NCN = 2
[zilc]   Global: P-ACLAUSE = False
[zilc]   Global: QUOTE-FLAG = False
[zilc]   Global: P-OFLAG = False
[zilc]   Global: QUOTE-FLAG = False
[zilc]   Global: P-OFLAG = False
[zilc]   Global: P-OFLAG = True
[zilc]   Global: P-GWIMBIT = 0
[zilc]   Global: P-GWIMBIT = 0
[zilc]   Global: P-AND = False
[zilc]   Global: P-GETFLAGS = 0
[zilc]   Global: P-AND = True
[zilc]   Global: P-ADJ = False
[zilc]   Global: P-ADJ = False
[zilc]   Global: P-OFLAG = True
[zilc]   Global: P-NAM = False
[zilc]   Global: P-ADJ = False
[zilc]   Global: P-NAM = False
[zilc]   Global: P-ADJ = False
[zilc]   Global: P-ADJN = False
[zilc]   Global: P-NAM = False
[zilc]   Global: P-ADJ = False
[zilc]   Global: P-NAM = False
[zilc]   Global: P-ADJ = False
[zilc]   Global: P-GWIMBIT = 0
[zilc]   Global: VERBOSE = True
[zilc]   Global: SUPER-BRIEF = False
[zilc]   Global: VERBOSE = False
[zilc]   Global: SUPER-BRIEF = False
[zilc]   Global: SUPER-BRIEF = True
[zilc]   Global: P-CONT = False
[zilc]   Global: QUOTE-FLAG = False
[zilc]   Global: LIT = True
[zilc]   Global: SPELL-HANDLED? = True
[zilc]   Global: SPELL-HANDLED? = True
[zilc]   Global: SPELL-VICTIM = False
[zilc]   Global: SPELL-VICTIM = False
[zilc]   Global: P-IT-OBJECT = False
[zilc]   Global: WAND-ON = False
[zilc]   Global: QUOTE-FLAG = False
[zilc]   Global: P-CONT = False
[zilc]   Global: CYCLOPS-FLAG = True
[zilc]   Global: MAGIC-FLAG = True
[zilc]   Global: BINF-FLAG = False
[zilc]   Global: P-CONT = False
[zilc]   Global: QUOTE-FLAG = False
[zilc]   Global: P-CONT = False
[zilc]   Global: QUOTE-FLAG = False
[zilc]   Global: P-CONT = False
[zilc]   Global: P-CONT = False
[zilc]   Global: PRSI = False
[zilc]   Global: PRSI = False
[zilc]   Global: PRSI = False
[zilc]   Global: QUOTE-FLAG = False
[zilc]   Global: P-CONT = False
[zilc]   Global: CLOCK-WAIT = True
[zilc]   Global: WON-FLAG = True
[zilc]   Global: P-CONT = False
[zilc]   Global: KITCHEN-WINDOW-FLAG = True
[zilc]   Global: P-CONT = False
[zilc]   Global: CAGE-TOP = True
[zilc]   Global: CAGE-TOP = False
[zilc]   Global: P-CONT = False
[zilc]   Global: RUG-MOVED = True
[zilc]   Global: P-CONT = False
[zilc]   Global: TROLL-FLAG = True
[zilc]   Global: TROLL-FLAG = True
[zilc]   Global: TROLL-FLAG = False
[zilc]   Global: P-CONT = False
[zilc]   Global: TROLL-FLAG = True
[zilc]   Global: GRATE-REVEALED = True
[zilc]   Global: GRUNLOCK = False
[zilc]   Global: GRUNLOCK = True
[zilc]   Global: GRATE-REVEALED = True
[zilc]   Global: MIRROR-MUNG = True
[zilc]   Global: LUCKY = False
[zilc]   Global: XB = True
[zilc]   Global: LLD-FLAG = True
[zilc]   Global: XC = True
[zilc]   Global: XB = False
[zilc]   Global: XC = False
[zilc]   Global: GATES-OPEN = False
[zilc]   Global: GATES-OPEN = True
[zilc]   Global: LOW-TIDE = False
[zilc]   Global: LOW-TIDE = True
[zilc]   Global: WATER-LEVEL = 1
[zilc]   Global: GATE-FLAG = False
[zilc]   Global: GATE-FLAG = True
[zilc]   Global: CYCLOPS-FLAG = False
[zilc]   Global: CYCLOPS-FLAG = True
[zilc]   Global: P-CONT = False
[zilc]   Global: LOUD-FLAG = True
[zilc]   Global: THIEF-HERE = True
[zilc]   Global: THIEF-HERE = True
[zilc]   Global: THIEF-HERE = True
[zilc]   Global: EGG-SOLVE = True
[zilc]   Global: P-CONT = False
[zilc]   Global: THIEF-ENGROSSED = True
[zilc]   Global: P-CONT = False
[zilc]   Global: LIT = True
[zilc]   Global: EMPTY-HANDED = True
[zilc]   Global: EMPTY-HANDED = False
[zilc]   Global: LIGHT-SHAFT = 0
[zilc]   Global: DEFLATE = False
[zilc]   Global: DEFLATE = True
[zilc]   Global: RAINBOW-FLAG = True
[zilc]   Global: RAINBOW-FLAG = False
[zilc]   Global: RAINBOW-FLAG = False
[zilc]   Global: DEFLATE = True
[zilc]   Global: DEFLATE = False
[zilc]   Global: BUOY-FLAG = False
[zilc]   Global: SING-SONG = True
[zilc]   Global: DOME-FLAG = False
[zilc]   Global: DOME-FLAG = True
[zilc]   Global: DOME-FLAG = False
[zilc]   Global: GWIM-DISABLE = False
[zilc]   Global: ALWAYS-LIT = False
[zilc]   Global: DEAD = False
[zilc]   Global: TROLL-FLAG = False
[zilc]   Global: P-CONT = False
[zilc]   Global: THIEF-ENGROSSED = False
[zilc]   Global: THIEF-ENGROSSED = False
[zilc]   Global: THIEF-ENGROSSED = False
[zilc]   Global: THIEF-HERE = False
[zilc]   Global: DOME-FLAG = False
[zilc]   Global: DEAD = True
[zilc]   Global: TROLL-FLAG = True
[zilc]   Global: GWIM-DISABLE = True
[zilc]   Global: ALWAYS-LIT = True
[zilc]   Global: P-CONT = False
[zilc] Lexing...
[zilc]   57875 tokens
[zilc] Parsing...
[zilc]   440 routines
[zilc]   140 objects
[zilc]   110 rooms
[zilc]   152 globals
[zilc]   4 property definitions
[zilc]   267 syntax definitions
[zilc]   17 macro definitions
[zilc] Expanding macros...
[zilc]   Macros expanded
[zilc]   Target version: 3
[zilc] Building abbreviations table...
Compilation error: 'FormNode' object has no attribute 'args'
Traceback (most recent call last):
  File "/home/wohl/zorkie/zilc/compiler.py", line 55, in compile_file
    story_data = self.compile_string(source, str(input_path))
  File "/home/wohl/zorkie/zilc/compiler.py", line 681, in compile_string
    collect_strings_from_form(statement)
    ~~~~~~~~~~~~~~~~~~~~~~~~~^^^^^^^^^^^
  File "/home/wohl/zorkie/zilc/compiler.py", line 676, in collect_strings_from_form
    for arg in form.args:
               ^^^^^^^^^
AttributeError: 'FormNode' object has no attribute 'args'
